SF:lib\app\modules\home\home_module.dart
DA:6,1
DA:7,1
DA:8,1
DA:11,0
DA:12,0
DA:13,0
DA:16,0
LF:7
LH:3
end_of_record
SF:lib\app\modules\home\home_controller.g.dart
DA:14,0
DA:16,0
DA:17,0
DA:20,0
DA:22,0
DA:23,0
DA:30,0
DA:32,0
DA:35,0
DA:37,0
DA:41,0
DA:44,0
DA:45,0
LF:13
LH:0
end_of_record
SF:lib\app\modules\home\home_controller.dart
DA:11,0
LF:1
LH:0
end_of_record
SF:lib\app\modules\home\home_page.dart
DA:9,0
DA:11,0
DA:12,0
DA:18,0
DA:20,0
DA:21,0
DA:22,0
DA:24,0
DA:25,0
DA:26,0
DA:27,0
DA:28,0
DA:29,0
LF:13
LH:0
end_of_record
SF:lib\app\modules\shared\models\user_model.dart
DA:9,2
DA:12,0
DA:13,0
DA:14,0
DA:15,0
DA:16,0
DA:17,0
DA:21,0
LF:8
LH:1
end_of_record
SF:lib\app\app_module.dart
DA:15,2
DA:16,2
DA:17,2
DA:18,8
DA:19,2
DA:20,0
DA:21,2
DA:22,2
DA:25,0
DA:26,0
DA:27,0
DA:28,0
DA:31,0
DA:32,0
DA:34,2
LF:15
LH:8
end_of_record
SF:lib\app\modules\login\login_controller.dart
DA:12,1
DA:21,1
DA:22,1
DA:23,4
DA:24,1
LF:5
LH:5
end_of_record
SF:lib\app\modules\login\login_controller.g.dart
DA:14,1
DA:16,2
DA:17,1
DA:20,1
DA:22,4
DA:23,1
DA:29,1
DA:31,2
DA:32,1
DA:35,1
DA:37,4
DA:38,1
DA:45,1
DA:47,4
DA:50,0
DA:53,0
DA:54,0
DA:55,0
LF:18
LH:14
end_of_record
SF:lib\app\modules\login\login_module.dart
DA:10,1
DA:11,1
DA:12,4
DA:13,1
DA:16,0
DA:17,0
DA:18,0
DA:21,2
LF:8
LH:5
end_of_record
SF:lib\app\app_controller.dart
DA:11,0
DA:13,0
LF:2
LH:0
end_of_record
SF:lib\app\app_controller.g.dart
DA:14,0
DA:16,0
DA:17,0
DA:20,0
DA:22,0
DA:23,0
DA:30,0
DA:32,0
DA:35,0
DA:37,0
DA:41,0
DA:44,0
DA:45,0
LF:13
LH:0
end_of_record
SF:lib\app\modules\shared\auth\auth_controller.g.dart
DA:14,2
DA:16,4
DA:17,2
DA:20,2
DA:22,8
DA:23,2
DA:30,1
DA:32,4
DA:37,1
DA:39,4
DA:45,0
DA:47,0
DA:50,0
DA:52,0
DA:56,0
DA:59,0
DA:60,0
LF:17
LH:10
end_of_record
SF:lib\app\modules\shared\auth\auth_controller.dart
DA:14,2
DA:19,1
DA:20,4
DA:21,1
DA:24,0
DA:25,0
DA:28,1
DA:29,3
DA:30,1
DA:31,2
DA:32,2
DA:33,2
DA:34,2
DA:37,2
DA:44,1
LF:15
LH:13
end_of_record
SF:lib\app\modules\shared\auth\repositories\auth_repository.dart
DA:11,0
DA:13,0
DA:17,0
DA:18,0
DA:20,0
DA:22,0
DA:23,0
DA:24,0
DA:28,0
DA:30,0
DA:36,0
DA:37,0
DA:38,0
DA:44,0
DA:45,0
LF:15
LH:0
end_of_record
SF:lib\app\app_widget.dart
DA:5,0
DA:7,0
DA:8,0
DA:10,0
LF:4
LH:0
end_of_record
SF:lib\app\modules\login\login_page.dart
DA:8,0
DA:10,0
DA:11,0
DA:17,0
DA:19,0
DA:20,0
DA:21,0
DA:23,0
DA:24,0
DA:25,0
DA:26,0
DA:27,0
DA:28,0
DA:29,0
DA:30,0
DA:31,0
DA:32,0
DA:33,0
LF:18
LH:0
end_of_record
